<?xml version="1.0" encoding="UTF-8"?>
<testsuite xmlns:xsi="http://www.w3.org/2001/XMLSchema-instance" xsi:noNamespaceSchemaLocation="https://maven.apache.org/surefire/maven-surefire-plugin/xsd/surefire-test-report.xsd" version="3.0.2" name="com.thegymgoers_java.app.controller.GymGroupControllerTests$createGymGroup" time="1.482" tests="6" errors="0" skipped="0" failures="0">
  <properties>
[...]
</properties>
  <testcase name="shouldReturn400CreatingInvalidGroupName" classname="com.thegymgoers_java.app.controller.GymGroupControllerTests$createGymGroup" time="0.083">
    <system-out><![CDATA[2025-01-22T16:27:41.496Z  INFO 30848 --- [app] [           main] t.c.s.AnnotationConfigContextLoaderUtils : Could not detect default configuration classes for test class [com.thegymgoers_java.app.controller.GymGroupControllerTests]: GymGroupControllerTests does not declare any static, non-private, non-final, nested classes annotated with @Configuration.
2025-01-22T16:27:41.501Z  INFO 30848 --- [app] [           main] .b.t.c.SpringBootTestContextBootstrapper : Found @SpringBootConfiguration com.thegymgoers_java.app.AppApplication for test class com.thegymgoers_java.app.controller.GymGroupControllerTests
2025-01-22T16:27:41.508Z  INFO 30848 --- [app] [           main] t.c.s.AnnotationConfigContextLoaderUtils : Could not detect default configuration classes for test class [com.thegymgoers_java.app.controller.GymGroupControllerTests$createGymGroup]: createGymGroup does not declare any static, non-private, non-final, nested classes annotated with @Configuration.
2025-01-22T16:27:41.512Z  INFO 30848 --- [app] [           main] .b.t.c.SpringBootTestContextBootstrapper : Found @SpringBootConfiguration com.thegymgoers_java.app.AppApplication for test class com.thegymgoers_java.app.controller.GymGroupControllerTests$createGymGroup

  .   ____          _            __ _ _
 /\\ / ___'_ __ _ _(_)_ __  __ _ \ \ \ \
( ( )\___ | '_ | '_| | '_ \/ _` | \ \ \ \
 \\/  ___)| |_)| | | | | || (_| |  ) ) ) )
  '  |____| .__|_| |_|_| |_\__, | / / / /
 =========|_|==============|___/=/_/_/_/

 :: Spring Boot ::                (v3.4.0)

2025-01-22T16:27:41.575Z  INFO 30848 --- [app] [           main] c.t.a.c.GymGroupControllerTests          : Starting GymGroupControllerTests using Java 23.0.1 with PID 30848 (started by 44747 in C:\Users\44747\SE_Training\gymgoers-render)
2025-01-22T16:27:41.576Z  INFO 30848 --- [app] [           main] c.t.a.c.GymGroupControllerTests          : No active profile set, falling back to 1 default profile: "default"
2025-01-22T16:27:42.084Z  INFO 30848 --- [app] [           main] .s.d.r.c.RepositoryConfigurationDelegate : Bootstrapping Spring Data MongoDB repositories in DEFAULT mode.
2025-01-22T16:27:42.115Z  INFO 30848 --- [app] [           main] .s.d.r.c.RepositoryConfigurationDelegate : Finished Spring Data repository scanning in 28 ms. Found 2 MongoDB repository interfaces.
2025-01-22T16:27:42.262Z  INFO 30848 --- [app] [           main] org.mongodb.driver.client                : MongoClient with metadata {"driver": {"name": "mongo-java-driver|sync|spring-boot", "version": "5.3.0"}, "os": {"type": "Windows", "name": "Windows 10", "architecture": "amd64", "version": "10.0"}, "platform": "Java/Oracle Corporation/23.0.1+11-39"} created with settings MongoClientSettings{readPreference=primary, writeConcern=WriteConcern{w=majority, wTimeout=null ms, journal=null}, retryWrites=true, retryReads=true, readConcern=ReadConcern{level=null}, credential=MongoCredential{mechanism=null, userName='gg-developer', source='admin', password=<hidden>, mechanismProperties=<hidden>}, transportSettings=null, commandListeners=[], codecRegistry=ProvidersCodecRegistry{codecProviders=[ValueCodecProvider{}, BsonValueCodecProvider{}, DBRefCodecProvider{}, DBObjectCodecProvider{}, DocumentCodecProvider{}, CollectionCodecProvider{}, IterableCodecProvider{}, MapCodecProvider{}, GeoJsonCodecProvider{}, GridFSFileCodecProvider{}, Jsr310CodecProvider{}, JsonObjectCodecProvider{}, BsonCodecProvider{}, EnumCodecProvider{}, com.mongodb.client.model.mql.ExpressionCodecProvider@433ea2ac, com.mongodb.Jep395RecordCodecProvider@7f977fba, com.mongodb.KotlinCodecProvider@446e7065]}, loggerSettings=LoggerSettings{maxDocumentLength=1000}, clusterSettings={hosts=[127.0.0.1:27017], srvHost=gymgoers.9eiuj0z.mongodb.net, srvServiceName=mongodb, mode=MULTIPLE, requiredClusterType=REPLICA_SET, requiredReplicaSetName='atlas-zxcclj-shard-0', serverSelector='null', clusterListeners='[]', serverSelectionTimeout='30000 ms', localThreshold='15 ms'}, socketSettings=SocketSettings{connectTimeoutMS=10000, readTimeoutMS=0, receiveBufferSize=0, proxySettings=ProxySettings{host=null, port=null, username=null, password=null}}, heartbeatSocketSettings=SocketSettings{connectTimeoutMS=10000, readTimeoutMS=10000, receiveBufferSize=0, proxySettings=ProxySettings{host=null, port=null, username=null, password=null}}, connectionPoolSettings=ConnectionPoolSettings{maxSize=100, minSize=0, maxWaitTimeMS=120000, maxConnectionLifeTimeMS=0, maxConnectionIdleTimeMS=0, maintenanceInitialDelayMS=0, maintenanceFrequencyMS=60000, connectionPoolListeners=[], maxConnecting=2}, serverSettings=ServerSettings{heartbeatFrequencyMS=10000, minHeartbeatFrequencyMS=500, serverMonitoringMode=AUTO, serverListeners='[]', serverMonitorListeners='[]'}, sslSettings=SslSettings{enabled=true, invalidHostNameAllowed=false, context=null}, applicationName='null', compressorList=[], uuidRepresentation=JAVA_LEGACY, serverApi=null, autoEncryptionSettings=null, dnsClient=null, inetAddressResolver=null, contextProvider=null, timeoutMS=null}
2025-01-22T16:27:42.278Z  INFO 30848 --- [app] [j0z.mongodb.net] org.mongodb.driver.cluster               : Adding discovered server ac-u8ba5db-shard-00-02.9eiuj0z.mongodb.net:27017 to client view of cluster
2025-01-22T16:27:42.281Z  INFO 30848 --- [app] [j0z.mongodb.net] org.mongodb.driver.cluster               : Adding discovered server ac-u8ba5db-shard-00-00.9eiuj0z.mongodb.net:27017 to client view of cluster
2025-01-22T16:27:42.285Z  INFO 30848 --- [app] [j0z.mongodb.net] org.mongodb.driver.cluster               : Adding discovered server ac-u8ba5db-shard-00-01.9eiuj0z.mongodb.net:27017 to client view of cluster
2025-01-22T16:27:42.338Z  INFO 30848 --- [app] [           main] eAuthenticationProviderManagerConfigurer : Global AuthenticationManager configured with AuthenticationProvider bean with name authenticationProvider
2025-01-22T16:27:42.348Z  INFO 30848 --- [app] [ngodb.net:27017] org.mongodb.driver.cluster               : Monitor thread successfully connected to server with description ServerDescription{address=ac-u8ba5db-shard-00-02.9eiuj0z.mongodb.net:27017, type=REPLICA_SET_SECONDARY, cryptd=false, state=CONNECTED, ok=true, minWireVersion=0, maxWireVersion=25, maxDocumentSize=16777216, logicalSessionTimeoutMinutes=30, roundTripTimeNanos=44221400, minRoundTripTimeNanos=0, setName='atlas-zxcclj-shard-0', canonicalAddress=ac-u8ba5db-shard-00-02.9eiuj0z.mongodb.net:27017, hosts=[ac-u8ba5db-shard-00-01.9eiuj0z.mongodb.net:27017, ac-u8ba5db-shard-00-02.9eiuj0z.mongodb.net:27017, ac-u8ba5db-shard-00-00.9eiuj0z.mongodb.net:27017], passives=[], arbiters=[], primary='ac-u8ba5db-shard-00-01.9eiuj0z.mongodb.net:27017', tagSet=TagSet{[Tag{name='availabilityZone', value='euw1-az3'}, Tag{name='diskState', value='READY'}, Tag{name='nodeType', value='ELECTABLE'}, Tag{name='provider', value='AWS'}, Tag{name='region', value='EU_WEST_1'}, Tag{name='workloadType', value='OPERATIONAL'}]}, electionId=null, setVersion=54, topologyVersion=TopologyVersion{processId=677ea83dd2abdecb0f12d403, counter=3}, lastWriteDate=Wed Jan 22 16:27:39 GMT 2025, lastUpdateTimeNanos=227035003686500}
2025-01-22T16:27:42.362Z  INFO 30848 --- [app] [ngodb.net:27017] org.mongodb.driver.cluster               : Monitor thread successfully connected to server with description ServerDescription{address=ac-u8ba5db-shard-00-01.9eiuj0z.mongodb.net:27017, type=REPLICA_SET_PRIMARY, cryptd=false, state=CONNECTED, ok=true, minWireVersion=0, maxWireVersion=25, maxDocumentSize=16777216, logicalSessionTimeoutMinutes=30, roundTripTimeNanos=51798700, minRoundTripTimeNanos=0, setName='atlas-zxcclj-shard-0', canonicalAddress=ac-u8ba5db-shard-00-01.9eiuj0z.mongodb.net:27017, hosts=[ac-u8ba5db-shard-00-01.9eiuj0z.mongodb.net:27017, ac-u8ba5db-shard-00-02.9eiuj0z.mongodb.net:27017, ac-u8ba5db-shard-00-00.9eiuj0z.mongodb.net:27017], passives=[], arbiters=[], primary='ac-u8ba5db-shard-00-01.9eiuj0z.mongodb.net:27017', tagSet=TagSet{[Tag{name='availabilityZone', value='euw1-az2'}, Tag{name='diskState', value='READY'}, Tag{name='nodeType', value='ELECTABLE'}, Tag{name='provider', value='AWS'}, Tag{name='region', value='EU_WEST_1'}, Tag{name='workloadType', value='OPERATIONAL'}]}, electionId=7fffffff0000000000000124, setVersion=54, topologyVersion=TopologyVersion{processId=677ea682785199ae18c565c3, counter=6}, lastWriteDate=Wed Jan 22 16:27:39 GMT 2025, lastUpdateTimeNanos=227035017562800}
2025-01-22T16:27:42.363Z  INFO 30848 --- [app] [ngodb.net:27017] org.mongodb.driver.cluster               : Discovered replica set primary ac-u8ba5db-shard-00-01.9eiuj0z.mongodb.net:27017 with max election id 7fffffff0000000000000124 and max set version 54
2025-01-22T16:27:42.365Z  INFO 30848 --- [app] [ngodb.net:27017] org.mongodb.driver.cluster               : Monitor thread successfully connected to server with description ServerDescription{address=ac-u8ba5db-shard-00-00.9eiuj0z.mongodb.net:27017, type=REPLICA_SET_SECONDARY, cryptd=false, state=CONNECTED, ok=true, minWireVersion=0, maxWireVersion=25, maxDocumentSize=16777216, logicalSessionTimeoutMinutes=30, roundTripTimeNanos=58115900, minRoundTripTimeNanos=0, setName='atlas-zxcclj-shard-0', canonicalAddress=ac-u8ba5db-shard-00-00.9eiuj0z.mongodb.net:27017, hosts=[ac-u8ba5db-shard-00-01.9eiuj0z.mongodb.net:27017, ac-u8ba5db-shard-00-02.9eiuj0z.mongodb.net:27017, ac-u8ba5db-shard-00-00.9eiuj0z.mongodb.net:27017], passives=[], arbiters=[], primary='ac-u8ba5db-shard-00-01.9eiuj0z.mongodb.net:27017', tagSet=TagSet{[Tag{name='availabilityZone', value='euw1-az1'}, Tag{name='diskState', value='READY'}, Tag{name='nodeType', value='ELECTABLE'}, Tag{name='provider', value='AWS'}, Tag{name='region', value='EU_WEST_1'}, Tag{name='workloadType', value='OPERATIONAL'}]}, electionId=null, setVersion=54, topologyVersion=TopologyVersion{processId=677ea434c6d63ddc1341d676, counter=4}, lastWriteDate=Wed Jan 22 16:27:39 GMT 2025, lastUpdateTimeNanos=227035020464700}
2025-01-22T16:27:42.456Z  INFO 30848 --- [app] [           main] .i.s.PathMatchingResourcePatternResolver : Skipping search for files matching pattern [**/*.class]: directory [C:\Users\44747\SE_Training\gymgoers-render\target\test-classes\com\thegymgoers_java\app\model] does not exist
2025-01-22T16:27:42.721Z  INFO 30848 --- [app] [           main] o.s.b.t.m.w.SpringBootMockServletContext : Initializing Spring TestDispatcherServlet ''
2025-01-22T16:27:42.721Z  INFO 30848 --- [app] [           main] o.s.t.web.servlet.TestDispatcherServlet  : Initializing Servlet ''
2025-01-22T16:27:42.721Z  INFO 30848 --- [app] [           main] o.s.t.web.servlet.TestDispatcherServlet  : Completed initialization in 0 ms
2025-01-22T16:27:42.730Z  INFO 30848 --- [app] [           main] c.t.a.c.GymGroupControllerTests          : Started GymGroupControllerTests in 1.21 seconds (process running for 16.55)

MockHttpServletRequest:
      HTTP Method = POST
      Request URI = /gymgroups/testname
       Parameters = {}
          Headers = [Content-Type:"application/json;charset=UTF-8", Content-Length:"38"]
             Body = {"username":"testname","groupName":""}
    Session Attrs = {}

Handler:
             Type = com.thegymgoers_java.app.controller.GymGroupController
           Method = com.thegymgoers_java.app.controller.GymGroupController#createGymGroup(String, NewGymGroupRequest)

Async:
    Async started = false
     Async result = null

Resolved Exception:
             Type = org.springframework.web.bind.MethodArgumentNotValidException

ModelAndView:
        View name = null
             View = null
            Model = null

FlashMap:
       Attributes = null

MockHttpServletResponse:
           Status = 400
    Error message = null
          Headers = [Vary:"Origin", "Access-Control-Request-Method", "Access-Control-Request-Headers", Content-Type:"application/json", X-Content-Type-Options:"nosniff", X-XSS-Protection:"0", Cache-Control:"no-cache, no-store, max-age=0, must-revalidate", Pragma:"no-cache", Expires:"0", X-Frame-Options:"DENY"]
     Content type = application/json
             Body = {"errors":{"groupName":"GymGroup must have a name"}}
    Forwarded URL = null
   Redirected URL = null
          Cookies = []
]]></system-out>
  </testcase>
  <testcase name="shouldReturn200CreatingNewGroup" classname="com.thegymgoers_java.app.controller.GymGroupControllerTests$createGymGroup" time="0.099">
    <system-out><![CDATA[mockGymGroup: NewGymGroupRequest{username='testname', groupName='testGroupUpdatedtesty'}

MockHttpServletRequest:
      HTTP Method = POST
      Request URI = /gymgroups/testname
       Parameters = {}
          Headers = [Content-Type:"application/json;charset=UTF-8", Content-Length:"59"]
             Body = {"username":"testname","groupName":"testGroupUpdatedtesty"}
    Session Attrs = {}

Handler:
             Type = com.thegymgoers_java.app.controller.GymGroupController
           Method = com.thegymgoers_java.app.controller.GymGroupController#createGymGroup(String, NewGymGroupRequest)

Async:
    Async started = false
     Async result = null

Resolved Exception:
             Type = null

ModelAndView:
        View name = null
             View = null
            Model = null

FlashMap:
       Attributes = null

MockHttpServletResponse:
           Status = 200
    Error message = null
          Headers = [Vary:"Origin", "Access-Control-Request-Method", "Access-Control-Request-Headers", Content-Type:"application/json", X-Content-Type-Options:"nosniff", X-XSS-Protection:"0", Cache-Control:"no-cache, no-store, max-age=0, must-revalidate", Pragma:"no-cache", Expires:"0", X-Frame-Options:"DENY"]
     Content type = application/json
             Body = {"_id":"67855bf37ecbd73ac508de53","groupName":"testGroupUpdatedtety","admins":["677fc378a4b1fc5b9fd40411"],"members":["677fc378a4b1fc5b9fd40411"]}
    Forwarded URL = null
   Redirected URL = null
          Cookies = []
]]></system-out>
  </testcase>
  <testcase name="shouldReturnNull" classname="com.thegymgoers_java.app.controller.GymGroupControllerTests$createGymGroup" time="0.014">
    <system-out><![CDATA[
MockHttpServletRequest:
      HTTP Method = POST
      Request URI = /gymgroups/testname
       Parameters = {}
          Headers = [Content-Type:"application/json;charset=UTF-8", Content-Length:"47"]
             Body = {"username":"testuser","groupName":"validName"}
    Session Attrs = {}

Handler:
             Type = com.thegymgoers_java.app.controller.GymGroupController
           Method = com.thegymgoers_java.app.controller.GymGroupController#createGymGroup(String, NewGymGroupRequest)

Async:
    Async started = false
     Async result = null

Resolved Exception:
             Type = null

ModelAndView:
        View name = null
             View = null
            Model = null

FlashMap:
       Attributes = null

MockHttpServletResponse:
           Status = 400
    Error message = null
          Headers = [Vary:"Origin", "Access-Control-Request-Method", "Access-Control-Request-Headers", X-Content-Type-Options:"nosniff", X-XSS-Protection:"0", Cache-Control:"no-cache, no-store, max-age=0, must-revalidate", Pragma:"no-cache", Expires:"0", X-Frame-Options:"DENY"]
     Content type = null
             Body = 
    Forwarded URL = null
   Redirected URL = null
          Cookies = []
]]></system-out>
  </testcase>
  <testcase name="shouldReturn400CreatingInvalidUsername" classname="com.thegymgoers_java.app.controller.GymGroupControllerTests$createGymGroup" time="0.016">
    <system-out><![CDATA[
MockHttpServletRequest:
      HTTP Method = POST
      Request URI = /gymgroups/testname
       Parameters = {}
          Headers = [Content-Type:"application/json;charset=UTF-8", Content-Length:"39"]
             Body = {"username":"","groupName":"validName"}
    Session Attrs = {}

Handler:
             Type = com.thegymgoers_java.app.controller.GymGroupController
           Method = com.thegymgoers_java.app.controller.GymGroupController#createGymGroup(String, NewGymGroupRequest)

Async:
    Async started = false
     Async result = null

Resolved Exception:
             Type = org.springframework.web.bind.MethodArgumentNotValidException

ModelAndView:
        View name = null
             View = null
            Model = null

FlashMap:
       Attributes = null

MockHttpServletResponse:
           Status = 400
    Error message = null
          Headers = [Vary:"Origin", "Access-Control-Request-Method", "Access-Control-Request-Headers", Content-Type:"application/json", X-Content-Type-Options:"nosniff", X-XSS-Protection:"0", Cache-Control:"no-cache, no-store, max-age=0, must-revalidate", Pragma:"no-cache", Expires:"0", X-Frame-Options:"DENY"]
     Content type = application/json
             Body = {"errors":{"username":"must not be empty"}}
    Forwarded URL = null
   Redirected URL = null
          Cookies = []
]]></system-out>
  </testcase>
  <testcase name="shouldReturn400CreatingNullUsername" classname="com.thegymgoers_java.app.controller.GymGroupControllerTests$createGymGroup" time="0.012">
    <system-out><![CDATA[
MockHttpServletRequest:
      HTTP Method = POST
      Request URI = /gymgroups/testname
       Parameters = {}
          Headers = [Content-Type:"application/json;charset=UTF-8", Content-Length:"41"]
             Body = {"username":null,"groupName":"validName"}
    Session Attrs = {}

Handler:
             Type = com.thegymgoers_java.app.controller.GymGroupController
           Method = com.thegymgoers_java.app.controller.GymGroupController#createGymGroup(String, NewGymGroupRequest)

Async:
    Async started = false
     Async result = null

Resolved Exception:
             Type = org.springframework.web.bind.MethodArgumentNotValidException

ModelAndView:
        View name = null
             View = null
            Model = null

FlashMap:
       Attributes = null

MockHttpServletResponse:
           Status = 400
    Error message = null
          Headers = [Vary:"Origin", "Access-Control-Request-Method", "Access-Control-Request-Headers", Content-Type:"application/json", X-Content-Type-Options:"nosniff", X-XSS-Protection:"0", Cache-Control:"no-cache, no-store, max-age=0, must-revalidate", Pragma:"no-cache", Expires:"0", X-Frame-Options:"DENY"]
     Content type = application/json
             Body = {"errors":{"username":"must not be empty"}}
    Forwarded URL = null
   Redirected URL = null
          Cookies = []
]]></system-out>
  </testcase>
  <testcase name="shouldReturn400CreatingNullGroupName" classname="com.thegymgoers_java.app.controller.GymGroupControllerTests$createGymGroup" time="0.012">
    <system-out><![CDATA[
MockHttpServletRequest:
      HTTP Method = POST
      Request URI = /gymgroups/testname
       Parameters = {}
          Headers = [Content-Type:"application/json;charset=UTF-8", Content-Length:"47"]
             Body = {"username":"testname","groupName":"validname"}
    Session Attrs = {}

Handler:
             Type = com.thegymgoers_java.app.controller.GymGroupController
           Method = com.thegymgoers_java.app.controller.GymGroupController#createGymGroup(String, NewGymGroupRequest)

Async:
    Async started = false
     Async result = null

Resolved Exception:
             Type = null

ModelAndView:
        View name = null
             View = null
            Model = null

FlashMap:
       Attributes = null

MockHttpServletResponse:
           Status = 400
    Error message = null
          Headers = [Vary:"Origin", "Access-Control-Request-Method", "Access-Control-Request-Headers", Content-Type:"text/plain;charset=UTF-8", Content-Length:"14", X-Content-Type-Options:"nosniff", X-XSS-Protection:"0", Cache-Control:"no-cache, no-store, max-age=0, must-revalidate", Pragma:"no-cache", Expires:"0", X-Frame-Options:"DENY"]
     Content type = text/plain;charset=UTF-8
             Body = User not found
    Forwarded URL = null
   Redirected URL = null
          Cookies = []
]]></system-out>
  </testcase>
</testsuite>